<?xml version="1.0" encoding="UTF-8"?>
<!-- Generated by org.testng.reporters.JUnitReportReporter -->
<testsuite hostname="gandhi-PC" name="com.acttime.usertest.Usertest" tests="1" failures="0" timestamp="30 Jul 2016 11:33:27 GMT" time="26.383" errors="0">
  <testcase name="createnewuser1" time="26.383" classname="com.acttime.usertest.Usertest"/>
</testsuite> <!-- com.acttime.usertest.Usertest -->
